./main -astar 0 6 1 7 4 2 3 8 5, 5 0 2 6 4 8 1 7 3, 2 4 7 0 3 6 8 1 5
91,16,7.1312e-05,6.72561,10
612,21,0.000441573,9.81136,11
511,23,0.00034514,9.97655,15
./main -bfs 0 6 1 7 4 2 3 8 5, 5 0 2 6 4 8 1 7 3, 2 4 7 0 3 6 8 1 5
>8091,16,0.00404677,0,10
>57523,21,0.0342389,0,11
>108411,23,0.103971,0,15
./main -idastar 0 6 1 7 4 2 3 8 5, 5 0 2 6 4 8 1 7 3, 2 4 7 0 3 6 8 1 5
>165,16,8.7543e-05,7.09677,10
>439,21,0.000209207,10.7479,11
>724,23,0.00031867,11.7103,15
./main -idfs 0 6 1 7 4 2 3 8 5, 5 0 2 6 4 8 1 7 3, 2 4 7 0 3 6 8 1 5
20305,16,0.00398643,0,10
336804,21,0.0726767,0,11
1183127,23,0.247301,0,15
./main -gbfs 0 6 1 7 4 2 3 8 5, 5 0 2 6 4 8 1 7 3, 2 4 7 0 3 6 8 1 5
16,16,1.629e-05,5.5,10
96,27,0.000101034,8.05422,11
90,57,7.2532e-05,6.80982,15
./main -astar 7 11 8 3 14 0 6 15 1 4 13 9 5 12 2 10, 12 9 0 6 8 3 5 14 2 4 11 7 10 1 15 13, 13 0 9 12 11 6 3 5 15 8 1 10 4 14 2 7
154092,46,0.171556,22.9871,36
2731989,50,4.91306,24.6075,32
744209,53,2.28959,28.0517,39
