File: ./castle/castle-10-6-7-cards.pddl
Optimal implementation
Initial heuristic value for lmcut: 32
Built-in Add implementation
Initial heuristic value for add: 2257
Plan length: 82 step(s).
Expanded 1676 state(s).
Search time: 0.490159s
PlanOpt Add implementation
Initial heuristic value for planopt_add: 2257
Plan length: 82 step(s).
Expanded 1676 state(s).
Search time: 4.16994s

File: ./castle/castle-12-7-3-cards.pddl
Optimal implementation
Initial heuristic value for lmcut: 39
Built-in Add implementation
Initial heuristic value for add: 3348
Expanded 2520 state(s).
Search time: 0.579991s
PlanOpt Add implementation
Initial heuristic value for planopt_add: 3348
Expanded 2520 state(s).
Search time: 4.91999s

File: ./castle/castle-16-9-1-cards.pddl
Optimal implementation
Initial heuristic value for lmcut: 56
Built-in Add implementation
Initial heuristic value for add: 10258
Expanded 4382 state(s).
Search time: 1.71991s
PlanOpt Add implementation
Initial heuristic value for planopt_add: 10258
Expanded 4382 state(s).
Search time: 23.9297s

File: ./castle/castle-2-2-8-cards.pddl
Optimal implementation
Initial heuristic value for lmcut: 4
Plan length: 4 step(s).
Expanded 5 state(s).
Search time: 0s
Built-in Add implementation
Initial heuristic value for add: 6
Plan length: 4 step(s).
Expanded 5 state(s).
Search time: 0s
PlanOpt Add implementation
Initial heuristic value for planopt_add: 6
Plan length: 4 step(s).
Expanded 5 state(s).
Search time: 0s

File: ./castle/castle-3-3-8-cards.pddl
Optimal implementation
Initial heuristic value for lmcut: 8
Plan length: 9 step(s).
Expanded 16 state(s).
Search time: 0s
Built-in Add implementation
Initial heuristic value for add: 53
Plan length: 9 step(s).
Expanded 10 state(s).
Search time: 0.0051278s
PlanOpt Add implementation
Initial heuristic value for planopt_add: 53
Plan length: 9 step(s).
Expanded 10 state(s).
Search time: 0.0057009s

File: ./castle/castle-4-3-5-cards.pddl
Optimal implementation
Initial heuristic value for lmcut: 12
Plan length: 14 step(s).
Expanded 54 state(s).
Search time: 0.0200088s
Built-in Add implementation
Initial heuristic value for add: 161
Plan length: 15 step(s).
Expanded 21 state(s).
Search time: 0.0092647s
PlanOpt Add implementation
Initial heuristic value for planopt_add: 161
Plan length: 15 step(s).
Expanded 21 state(s).
Search time: 0s

File: ./castle/castle-5-4-10-cards.pddl
Optimal implementation
Initial heuristic value for lmcut: infinity
Expanded 0 state(s).
Search time: 0s
Built-in Add implementation
Initial heuristic value for add: infinity
Expanded 0 state(s).
Search time: 0s
PlanOpt Add implementation
Initial heuristic value for planopt_add: infinity
Expanded 0 state(s).
Search time: 0s

File: ./castle/castle-5-4-7-cards.pddl
Optimal implementation
Initial heuristic value for lmcut: 12
Built-in Add implementation
Initial heuristic value for add: 182
Expanded 6 state(s).
Search time: 0s
PlanOpt Add implementation
Initial heuristic value for planopt_add: 182
Expanded 6 state(s).
Search time: 0s

File: ./castle/castle-5-4-9-cards.pddl
Optimal implementation
Initial heuristic value for lmcut: 15
Plan length: 19 step(s).
Expanded 1090 state(s).
Search time: 1.6398s
Built-in Add implementation
Initial heuristic value for add: 232
Plan length: 21 step(s).
Expanded 29 state(s).
Search time: 0.0099971s
PlanOpt Add implementation
Initial heuristic value for planopt_add: 232
Plan length: 21 step(s).
Expanded 29 state(s).
Search time: 0.0100219s

File: ./castle/castle-6-4-7-cards.pddl
Optimal implementation
Initial heuristic value for lmcut: 18
Built-in Add implementation
Initial heuristic value for add: 555
Plan length: 26 step(s).
Expanded 43 state(s).
Search time: 0.0099948s
PlanOpt Add implementation
Initial heuristic value for planopt_add: 555
Plan length: 26 step(s).
Expanded 43 state(s).
Search time: 0.0199895s

File: ./castle/castle-7-5-4-cards.pddl
Optimal implementation
Initial heuristic value for lmcut: 24
Built-in Add implementation
Initial heuristic value for add: 595
Plan length: 40 step(s).
Expanded 182 state(s).
Search time: 0.0200148s
PlanOpt Add implementation
Initial heuristic value for planopt_add: 595
Plan length: 40 step(s).
Expanded 182 state(s).
Search time: 0.139966s

File: ./castle/castle-8-5-9-cards.pddl
Optimal implementation
Initial heuristic value for lmcut: 23
Built-in Add implementation
Initial heuristic value for add: 1704
Plan length: 46 step(s).
Expanded 159 state(s).
Search time: 0.0299062s
PlanOpt Add implementation
Initial heuristic value for planopt_add: 1704
Plan length: 46 step(s).
Expanded 159 state(s).
Search time: 0.199992s

File: ./castle/castle-9-6-5-cards.pddl
Optimal implementation
Initial heuristic value for lmcut: 32
Built-in Add implementation
Initial heuristic value for add: 2001
Expanded 206 state(s).
Search time: 0.029888s
PlanOpt Add implementation
Initial heuristic value for planopt_add: 2001
Expanded 206 state(s).
Search time: 0.249909s

