File: ./castle/castle-10-6-7-cards.pddl
Optimal implementation
Initial heuristic value for lmcut: 32
Built-in FF implementation
Initial heuristic value for ff: 62
Plan length: 72 step(s).
Expanded 953 state(s).
Search time: 0.259986s
PlanOpt FF implementation
Initial heuristic value for planopt_ff: 61
Plan length: 71 step(s).
Expanded 417 state(s).
Search time: 1.03593s

File: ./castle/castle-12-7-3-cards.pddl
Optimal implementation
Initial heuristic value for lmcut: 39
Built-in FF implementation
Initial heuristic value for ff: 79
Expanded 2520 state(s).
Search time: 0.509993s
PlanOpt FF implementation
Initial heuristic value for planopt_ff: 78
Expanded 2520 state(s).
Search time: 5.14881s

File: ./castle/castle-16-9-1-cards.pddl
Optimal implementation
Initial heuristic value for lmcut: 56
Built-in FF implementation
Initial heuristic value for ff: 109
Expanded 4382 state(s).
Search time: 2.57289s
PlanOpt FF implementation
Initial heuristic value for planopt_ff: 109
Expanded 4382 state(s).
Search time: 24.4084s

File: ./castle/castle-2-2-8-cards.pddl
Optimal implementation
Initial heuristic value for lmcut: 4
Plan length: 4 step(s).
Expanded 5 state(s).
Search time: 0s
Built-in FF implementation
Initial heuristic value for ff: 4
Plan length: 4 step(s).
Expanded 5 state(s).
Search time: 0s
PlanOpt FF implementation
Initial heuristic value for planopt_ff: 4
Plan length: 4 step(s).
Expanded 5 state(s).
Search time: 0s

File: ./castle/castle-3-3-8-cards.pddl
Optimal implementation
Initial heuristic value for lmcut: 8
Plan length: 9 step(s).
Expanded 16 state(s).
Search time: 0s
Built-in FF implementation
Initial heuristic value for ff: 9
Plan length: 9 step(s).
Expanded 10 state(s).
Search time: 0.0062127s
PlanOpt FF implementation
Initial heuristic value for planopt_ff: 9
Plan length: 9 step(s).
Expanded 10 state(s).
Search time: 0.0069774s

File: ./castle/castle-4-3-5-cards.pddl
Optimal implementation
Initial heuristic value for lmcut: 12
Plan length: 14 step(s).
Expanded 54 state(s).
Search time: 0.0201624s
Built-in FF implementation
Initial heuristic value for ff: 19
Plan length: 15 step(s).
Expanded 17 state(s).
Search time: 0s
PlanOpt FF implementation
Initial heuristic value for planopt_ff: 18
Plan length: 15 step(s).
Expanded 16 state(s).
Search time: 0s

File: ./castle/castle-5-4-10-cards.pddl
Optimal implementation
Initial heuristic value for lmcut: infinity
Expanded 0 state(s).
Search time: 0s
Built-in FF implementation
Initial heuristic value for ff: infinity
Expanded 0 state(s).
Search time: 0s
PlanOpt FF implementation
Initial heuristic value for planopt_ff: infinity
Expanded 0 state(s).
Search time: 0s

File: ./castle/castle-5-4-7-cards.pddl
Optimal implementation
Initial heuristic value for lmcut: 12
Built-in FF implementation
Initial heuristic value for ff: 25
Expanded 6 state(s).
Search time: 0s
PlanOpt FF implementation
Initial heuristic value for planopt_ff: 25
Expanded 6 state(s).
Search time: 0.0100201s

File: ./castle/castle-5-4-9-cards.pddl
Optimal implementation
Initial heuristic value for lmcut: 15
Plan length: 19 step(s).
Expanded 1090 state(s).
Search time: 1.60997s
Built-in FF implementation
Initial heuristic value for ff: 25
Plan length: 21 step(s).
Expanded 28 state(s).
Search time: 0.0099756s
PlanOpt FF implementation
Initial heuristic value for planopt_ff: 25
Plan length: 19 step(s).
Expanded 20 state(s).
Search time: 0.0099974s

File: ./castle/castle-6-4-7-cards.pddl
Optimal implementation
Initial heuristic value for lmcut: 18
Built-in FF implementation
Initial heuristic value for ff: 35
Plan length: 30 step(s).
Expanded 38 state(s).
Search time: 0s
PlanOpt FF implementation
Initial heuristic value for planopt_ff: 34
Plan length: 30 step(s).
Expanded 35 state(s).
Search time: 0.0199998s

File: ./castle/castle-7-5-4-cards.pddl
Optimal implementation
Initial heuristic value for lmcut: 24
Built-in FF implementation
Initial heuristic value for ff: 41
Plan length: 38 step(s).
Expanded 52 state(s).
Search time: 0.0100104s
PlanOpt FF implementation
Initial heuristic value for planopt_ff: 41
Plan length: 38 step(s).
Expanded 48 state(s).
Search time: 0.103343s

File: ./castle/castle-8-5-9-cards.pddl
Optimal implementation
Initial heuristic value for lmcut: 23
Built-in FF implementation
Initial heuristic value for ff: 48
Plan length: 43 step(s).
Expanded 100 state(s).
Search time: 0.0199865s
PlanOpt FF implementation
Initial heuristic value for planopt_ff: 47
Plan length: 41 step(s).
Expanded 68 state(s).
Search time: 0.0800046s

File: ./castle/castle-9-6-5-cards.pddl
Optimal implementation
Initial heuristic value for lmcut: 32
Built-in FF implementation
Initial heuristic value for ff: 56
Expanded 206 state(s).
Search time: 0.0500068s
PlanOpt FF implementation
Initial heuristic value for planopt_ff: 56
Expanded 206 state(s).
Search time: 0.290006s

