---------------------------------------
../castle/castle-4-3-5-cards.pddl
Solution found!
Plan length: 15 step(s).
Expanded 263 state(s).
Search time: 0.0015264s
Total time: 0.0054328s
---------------------------------------
../castle/castle-5-4-7-cards.pddl
Completely explored state space -- no solution!
Expanded 12 state(s).
Search time: 0.0002887s
Total time: 0.0069154s
---------------------------------------
../castle/castle-6-4-7-cards.pddl
Solution found!
Plan length: 26 step(s).
Expanded 24146 state(s).
Search time: 0.126399s
Total time: 0.133998s

